{
  "RSpec": {
    "coverage": {
      "/Users/khayelihletshuma/devenv/matopo/spec/controllers/activities_controller_spec.rb": [
        1,
        null,
        1,
        null,
        null
      ],
      "/Users/khayelihletshuma/devenv/matopo/spec/rails_helper.rb": [
        null,
        1,
        1,
        null,
        1,
        1,
        1,
        null,
        null,
        null,
        null,
        null,
        null,
        null,
        null,
        null,
        null,
        null,
        null,
        null,
        null,
        null,
        null,
        null,
        null,
        null,
        1,
        null,
        1,
        null,
        1,
        null,
        null,
        null,
        null,
        1,
        null,
        null,
        null,
        null,
        null,
        null,
        null,
        null,
        null,
        null,
        null,
        null,
        null,
        null,
        1,
        null,
        null,
        1,
        null,
        null,
        null
      ],
      "/Users/khayelihletshuma/devenv/matopo/config/environment.rb": [
        null,
        1,
        null,
        null,
        1
      ],
      "/Users/khayelihletshuma/devenv/matopo/config/application.rb": [
        1,
        null,
        1,
        null,
        null,
        null,
        1,
        null,
        1,
        1,
        null,
        null,
        null,
        null,
        null
      ],
      "/Users/khayelihletshuma/devenv/matopo/config/boot.rb": [
        1,
        null,
        1
      ],
      "/Users/khayelihletshuma/devenv/matopo/config/environments/test.rb": [
        1,
        null,
        null,
        null,
        null,
        null,
        null,
        1,
        null,
        null,
        null,
        null,
        1,
        null,
        null,
        1,
        1,
        null,
        null,
        null,
        null,
        1,
        1,
        null,
        null,
        1,
        null,
        null,
        1,
        1,
        null,
        null,
        null,
        null,
        1,
        null,
        null,
        1,
        null,
        null,
        null,
        null
      ],
      "/Users/khayelihletshuma/devenv/matopo/config/initializers/application_controller_renderer.rb": [
        null,
        null,
        null,
        null,
        null,
        null
      ],
      "/Users/khayelihletshuma/devenv/matopo/config/initializers/assets.rb": [
        null,
        null,
        null,
        1,
        null,
        null,
        null,
        null,
        null,
        null,
        null
      ],
      "/Users/khayelihletshuma/devenv/matopo/config/initializers/backtrace_silencers.rb": [
        null,
        null,
        null,
        null,
        null,
        null,
        null
      ],
      "/Users/khayelihletshuma/devenv/matopo/config/initializers/cookies_serializer.rb": [
        null,
        null,
        null,
        null,
        1
      ],
      "/Users/khayelihletshuma/devenv/matopo/config/initializers/filter_parameter_logging.rb": [
        null,
        null,
        null,
        1
      ],
      "/Users/khayelihletshuma/devenv/matopo/config/initializers/inflections.rb": [
        null,
        null,
        null,
        null,
        null,
        null,
        null,
        null,
        null,
        null,
        null,
        null,
        null,
        null,
        null,
        null
      ],
      "/Users/khayelihletshuma/devenv/matopo/config/initializers/mime_types.rb": [
        null,
        null,
        null,
        null
      ],
      "/Users/khayelihletshuma/devenv/matopo/config/initializers/new_framework_defaults.rb": [
        null,
        null,
        null,
        null,
        null,
        null,
        null,
        1,
        null,
        null,
        1,
        null,
        null,
        null,
        1,
        null,
        null,
        1,
        null,
        null,
        1,
        null,
        null,
        1
      ],
      "/Users/khayelihletshuma/devenv/matopo/config/initializers/session_store.rb": [
        null,
        null,
        1
      ],
      "/Users/khayelihletshuma/devenv/matopo/config/initializers/wrap_parameters.rb": [
        null,
        null,
        null,
        null,
        null,
        null,
        1,
        2,
        null,
        null,
        null,
        null,
        null,
        null
      ],
      "/Users/khayelihletshuma/devenv/matopo/config/routes.rb": [
        1,
        1,
        null,
        1,
        null
      ],
      "/Users/khayelihletshuma/devenv/matopo/app/helpers/activities_helper.rb": [
        1,
        null
      ],
      "/Users/khayelihletshuma/devenv/matopo/app/helpers/application_helper.rb": [
        1,
        1,
        1,
        1,
        1,
        null,
        null,
        null,
        null
      ],
      "/Users/khayelihletshuma/devenv/matopo/app/controllers/activities_controller.rb": [
        1,
        1,
        null,
        null,
        1,
        2,
        null,
        null,
        1,
        2,
        2,
        1,
        1,
        null,
        1,
        1,
        null,
        null,
        null,
        1,
        1,
        null,
        null,
        null,
        1,
        1,
        2,
        null
      ],
      "/Users/khayelihletshuma/devenv/matopo/app/controllers/application_controller.rb": [
        1,
        1,
        null
      ],
      "/Users/khayelihletshuma/devenv/matopo/spec/features/create_activities_spec.rb": [
        1,
        1,
        1,
        1,
        1,
        1,
        1,
        1,
        null,
        1,
        1,
        null,
        1,
        1,
        null,
        1,
        1,
        null,
        null,
        1,
        1,
        1,
        1,
        null,
        1,
        1,
        1,
        1,
        null,
        null,
        null
      ],
      "/Users/khayelihletshuma/devenv/matopo/app/models/activity.rb": [
        1,
        1,
        1,
        1,
        null
      ],
      "/Users/khayelihletshuma/devenv/matopo/app/models/application_record.rb": [
        1,
        1,
        null
      ]
    },
    "timestamp": 1491686891
  }
}
